<?xml version="1.0" encoding="UTF-8"?>
<!-- Generated by org.testng.reporters.JUnitReportReporter -->
<testsuite hostname="Mohitha" failures="0" tests="3" name="tests.Signup" time="252.375" errors="0" timestamp="2023-12-06T17:14:48 IST" skipped="0">
  <testcase classname="tests.Signup" name="register" time="237.504"/>
  <testcase classname="tests.Signup" name="signuppage" time="14.847"/>
  <testcase classname="tests.Signup" name="logindetailspage" time="0.024"/>
</testsuite> <!-- tests.Signup -->
